<?xml version="1.0" encoding="UTF-8"?>
<testng-results ignored="0" total="1" passed="1" failed="0" skipped="0">
  <reporter-output>
  </reporter-output>
  <suite started-at="2022-02-22T10:12:27 IST" name="Default suite" finished-at="2022-02-22T10:12:50 IST" duration-ms="22819">
    <groups>
    </groups>
    <test started-at="2022-02-22T10:12:27 IST" name="Default test" finished-at="2022-02-22T10:12:50 IST" duration-ms="22819">
      <class name="testSuites.login_TC01">
        <test-method is-config="true" signature="openBrowser()[pri:0, instance:testSuites.login_TC01@193f604a]" started-at="2022-02-22T10:12:27 IST" name="openBrowser" finished-at="2022-02-22T10:12:38 IST" duration-ms="10666" status="PASS">
          <reporter-output>
          </reporter-output>
        </test-method> <!-- openBrowser -->
        <test-method signature="loginPositive()[pri:0, instance:testSuites.login_TC01@193f604a]" started-at="2022-02-22T10:12:38 IST" name="loginPositive" finished-at="2022-02-22T10:12:49 IST" duration-ms="11456" status="PASS">
          <reporter-output>
          </reporter-output>
        </test-method> <!-- loginPositive -->
        <test-method is-config="true" signature="closeBrowser()[pri:0, instance:testSuites.login_TC01@193f604a]" started-at="2022-02-22T10:12:49 IST" name="closeBrowser" finished-at="2022-02-22T10:12:50 IST" duration-ms="526" status="PASS">
          <reporter-output>
          </reporter-output>
        </test-method> <!-- closeBrowser -->
      </class> <!-- testSuites.login_TC01 -->
    </test> <!-- Default test -->
  </suite> <!-- Default suite -->
</testng-results>
